mode: set
github.com/bootcamp-go/desafio-go-bases/internal/tickets/tickets.go:31.56,33.31 2 1
github.com/bootcamp-go/desafio-go-bases/internal/tickets/tickets.go:42.2,43.27 2 1
github.com/bootcamp-go/desafio-go-bases/internal/tickets/tickets.go:33.31,34.43 1 1
github.com/bootcamp-go/desafio-go-bases/internal/tickets/tickets.go:34.43,35.49 1 1
github.com/bootcamp-go/desafio-go-bases/internal/tickets/tickets.go:35.49,37.5 1 1
github.com/bootcamp-go/desafio-go-bases/internal/tickets/tickets.go:39.8,41.3 1 0
github.com/bootcamp-go/desafio-go-bases/internal/tickets/tickets.go:55.68,57.42 2 1
github.com/bootcamp-go/desafio-go-bases/internal/tickets/tickets.go:62.2,62.22 1 1
github.com/bootcamp-go/desafio-go-bases/internal/tickets/tickets.go:57.42,58.76 1 1
github.com/bootcamp-go/desafio-go-bases/internal/tickets/tickets.go:58.76,60.4 1 1
github.com/bootcamp-go/desafio-go-bases/internal/tickets/tickets.go:66.57,70.206 2 1
github.com/bootcamp-go/desafio-go-bases/internal/tickets/tickets.go:100.2,101.37 2 1
github.com/bootcamp-go/desafio-go-bases/internal/tickets/tickets.go:118.2,118.22 1 1
github.com/bootcamp-go/desafio-go-bases/internal/tickets/tickets.go:70.206,71.34 1 1
github.com/bootcamp-go/desafio-go-bases/internal/tickets/tickets.go:71.34,76.18 5 1
github.com/bootcamp-go/desafio-go-bases/internal/tickets/tickets.go:79.4,80.18 2 1
github.com/bootcamp-go/desafio-go-bases/internal/tickets/tickets.go:83.4,83.47 1 1
github.com/bootcamp-go/desafio-go-bases/internal/tickets/tickets.go:86.4,86.32 1 1
github.com/bootcamp-go/desafio-go-bases/internal/tickets/tickets.go:76.18,78.5 1 0
github.com/bootcamp-go/desafio-go-bases/internal/tickets/tickets.go:80.18,82.5 1 0
github.com/bootcamp-go/desafio-go-bases/internal/tickets/tickets.go:83.47,85.5 1 1
github.com/bootcamp-go/desafio-go-bases/internal/tickets/tickets.go:86.32,88.5 1 1
github.com/bootcamp-go/desafio-go-bases/internal/tickets/tickets.go:88.10,88.40 1 1
github.com/bootcamp-go/desafio-go-bases/internal/tickets/tickets.go:88.40,90.5 1 1
github.com/bootcamp-go/desafio-go-bases/internal/tickets/tickets.go:90.10,90.41 1 1
github.com/bootcamp-go/desafio-go-bases/internal/tickets/tickets.go:90.41,92.5 1 1
github.com/bootcamp-go/desafio-go-bases/internal/tickets/tickets.go:92.10,94.5 1 1
github.com/bootcamp-go/desafio-go-bases/internal/tickets/tickets.go:96.8,98.3 1 1
github.com/bootcamp-go/desafio-go-bases/internal/tickets/tickets.go:101.37,104.17 3 1
github.com/bootcamp-go/desafio-go-bases/internal/tickets/tickets.go:107.3,107.92 1 1
github.com/bootcamp-go/desafio-go-bases/internal/tickets/tickets.go:104.17,106.4 1 0
github.com/bootcamp-go/desafio-go-bases/internal/tickets/tickets.go:107.92,109.4 1 1
github.com/bootcamp-go/desafio-go-bases/internal/tickets/tickets.go:109.9,109.92 1 1
github.com/bootcamp-go/desafio-go-bases/internal/tickets/tickets.go:109.92,111.4 1 1
github.com/bootcamp-go/desafio-go-bases/internal/tickets/tickets.go:111.9,111.93 1 1
github.com/bootcamp-go/desafio-go-bases/internal/tickets/tickets.go:111.93,113.4 1 1
github.com/bootcamp-go/desafio-go-bases/internal/tickets/tickets.go:113.9,113.93 1 1
github.com/bootcamp-go/desafio-go-bases/internal/tickets/tickets.go:113.93,115.4 1 1
github.com/bootcamp-go/desafio-go-bases/internal/tickets/tickets.go:122.75,125.16 2 1
github.com/bootcamp-go/desafio-go-bases/internal/tickets/tickets.go:128.2,129.19 2 1
github.com/bootcamp-go/desafio-go-bases/internal/tickets/tickets.go:125.16,127.3 1 0
github.com/bootcamp-go/desafio-go-bases/internal/tickets/tickets.go:143.32,145.2 1 1
github.com/bootcamp-go/desafio-go-bases/internal/tickets/tickets.go:147.29,148.11 1 1
github.com/bootcamp-go/desafio-go-bases/internal/tickets/tickets.go:149.17,150.13 1 1
github.com/bootcamp-go/desafio-go-bases/internal/tickets/tickets.go:151.13,152.13 1 1
github.com/bootcamp-go/desafio-go-bases/internal/tickets/tickets.go:153.13,154.13 1 1
github.com/bootcamp-go/desafio-go-bases/internal/tickets/tickets.go:155.13,156.13 1 1
github.com/bootcamp-go/desafio-go-bases/internal/tickets/tickets.go:157.10,158.12 1 0
github.com/bootcamp-go/desafio-go-bases/internal/tickets/tickets.go:162.42,163.22 1 1
github.com/bootcamp-go/desafio-go-bases/internal/tickets/tickets.go:168.2,168.14 1 1
github.com/bootcamp-go/desafio-go-bases/internal/tickets/tickets.go:163.22,164.13 1 1
github.com/bootcamp-go/desafio-go-bases/internal/tickets/tickets.go:164.13,166.4 1 1
github.com/bootcamp-go/desafio-go-bases/internal/tickets/tickets.go:171.45,173.16 2 1
github.com/bootcamp-go/desafio-go-bases/internal/tickets/tickets.go:176.2,180.6 4 1
github.com/bootcamp-go/desafio-go-bases/internal/tickets/tickets.go:200.2,200.24 1 1
github.com/bootcamp-go/desafio-go-bases/internal/tickets/tickets.go:173.16,175.3 1 1
github.com/bootcamp-go/desafio-go-bases/internal/tickets/tickets.go:180.6,182.20 2 1
github.com/bootcamp-go/desafio-go-bases/internal/tickets/tickets.go:186.3,188.17 3 1
github.com/bootcamp-go/desafio-go-bases/internal/tickets/tickets.go:191.3,198.5 1 1
github.com/bootcamp-go/desafio-go-bases/internal/tickets/tickets.go:182.20,184.9 2 1
github.com/bootcamp-go/desafio-go-bases/internal/tickets/tickets.go:188.17,190.4 1 0
