mode: set
github.com/bootcamp-go/desafio-go-bases/internal/tickets/tickets.go:32.56,34.31 2 1
github.com/bootcamp-go/desafio-go-bases/internal/tickets/tickets.go:43.2,44.27 2 1
github.com/bootcamp-go/desafio-go-bases/internal/tickets/tickets.go:34.31,35.43 1 1
github.com/bootcamp-go/desafio-go-bases/internal/tickets/tickets.go:35.43,36.49 1 1
github.com/bootcamp-go/desafio-go-bases/internal/tickets/tickets.go:36.49,38.5 1 1
github.com/bootcamp-go/desafio-go-bases/internal/tickets/tickets.go:40.8,42.3 1 0
github.com/bootcamp-go/desafio-go-bases/internal/tickets/tickets.go:56.68,58.42 2 1
github.com/bootcamp-go/desafio-go-bases/internal/tickets/tickets.go:63.2,63.22 1 1
github.com/bootcamp-go/desafio-go-bases/internal/tickets/tickets.go:58.42,59.76 1 1
github.com/bootcamp-go/desafio-go-bases/internal/tickets/tickets.go:59.76,61.4 1 1
github.com/bootcamp-go/desafio-go-bases/internal/tickets/tickets.go:67.57,71.206 2 1
github.com/bootcamp-go/desafio-go-bases/internal/tickets/tickets.go:116.2,117.37 2 1
github.com/bootcamp-go/desafio-go-bases/internal/tickets/tickets.go:134.2,134.22 1 1
github.com/bootcamp-go/desafio-go-bases/internal/tickets/tickets.go:71.206,72.34 1 1
github.com/bootcamp-go/desafio-go-bases/internal/tickets/tickets.go:72.34,75.14 3 1
github.com/bootcamp-go/desafio-go-bases/internal/tickets/tickets.go:78.4,82.18 5 1
github.com/bootcamp-go/desafio-go-bases/internal/tickets/tickets.go:85.4,86.18 2 1
github.com/bootcamp-go/desafio-go-bases/internal/tickets/tickets.go:90.4,90.47 1 1
github.com/bootcamp-go/desafio-go-bases/internal/tickets/tickets.go:93.4,93.32 1 1
github.com/bootcamp-go/desafio-go-bases/internal/tickets/tickets.go:75.14,77.5 1 1
github.com/bootcamp-go/desafio-go-bases/internal/tickets/tickets.go:82.18,84.5 1 0
github.com/bootcamp-go/desafio-go-bases/internal/tickets/tickets.go:86.18,88.5 1 0
github.com/bootcamp-go/desafio-go-bases/internal/tickets/tickets.go:90.47,92.5 1 1
github.com/bootcamp-go/desafio-go-bases/internal/tickets/tickets.go:93.32,95.5 1 1
github.com/bootcamp-go/desafio-go-bases/internal/tickets/tickets.go:95.10,95.40 1 1
github.com/bootcamp-go/desafio-go-bases/internal/tickets/tickets.go:95.40,97.5 1 1
github.com/bootcamp-go/desafio-go-bases/internal/tickets/tickets.go:97.10,97.41 1 1
github.com/bootcamp-go/desafio-go-bases/internal/tickets/tickets.go:97.41,99.5 1 1
github.com/bootcamp-go/desafio-go-bases/internal/tickets/tickets.go:99.10,101.5 1 1
github.com/bootcamp-go/desafio-go-bases/internal/tickets/tickets.go:102.9,104.18 2 1
github.com/bootcamp-go/desafio-go-bases/internal/tickets/tickets.go:107.4,107.15 1 1
github.com/bootcamp-go/desafio-go-bases/internal/tickets/tickets.go:110.4,110.16 1 0
github.com/bootcamp-go/desafio-go-bases/internal/tickets/tickets.go:104.18,106.5 1 1
github.com/bootcamp-go/desafio-go-bases/internal/tickets/tickets.go:107.15,109.5 1 1
github.com/bootcamp-go/desafio-go-bases/internal/tickets/tickets.go:112.8,114.3 1 1
github.com/bootcamp-go/desafio-go-bases/internal/tickets/tickets.go:117.37,120.17 3 1
github.com/bootcamp-go/desafio-go-bases/internal/tickets/tickets.go:123.3,123.92 1 1
github.com/bootcamp-go/desafio-go-bases/internal/tickets/tickets.go:120.17,122.4 1 0
github.com/bootcamp-go/desafio-go-bases/internal/tickets/tickets.go:123.92,125.4 1 1
github.com/bootcamp-go/desafio-go-bases/internal/tickets/tickets.go:125.9,125.92 1 1
github.com/bootcamp-go/desafio-go-bases/internal/tickets/tickets.go:125.92,127.4 1 1
github.com/bootcamp-go/desafio-go-bases/internal/tickets/tickets.go:127.9,127.93 1 1
github.com/bootcamp-go/desafio-go-bases/internal/tickets/tickets.go:127.93,129.4 1 1
github.com/bootcamp-go/desafio-go-bases/internal/tickets/tickets.go:129.9,129.93 1 1
github.com/bootcamp-go/desafio-go-bases/internal/tickets/tickets.go:129.93,131.4 1 1
github.com/bootcamp-go/desafio-go-bases/internal/tickets/tickets.go:138.75,141.16 2 1
github.com/bootcamp-go/desafio-go-bases/internal/tickets/tickets.go:144.2,145.19 2 1
github.com/bootcamp-go/desafio-go-bases/internal/tickets/tickets.go:141.16,143.3 1 0
github.com/bootcamp-go/desafio-go-bases/internal/tickets/tickets.go:159.32,161.2 1 1
github.com/bootcamp-go/desafio-go-bases/internal/tickets/tickets.go:163.29,164.11 1 1
github.com/bootcamp-go/desafio-go-bases/internal/tickets/tickets.go:174.2,174.11 1 0
github.com/bootcamp-go/desafio-go-bases/internal/tickets/tickets.go:165.17,166.13 1 1
github.com/bootcamp-go/desafio-go-bases/internal/tickets/tickets.go:167.13,168.13 1 1
github.com/bootcamp-go/desafio-go-bases/internal/tickets/tickets.go:169.13,170.13 1 1
github.com/bootcamp-go/desafio-go-bases/internal/tickets/tickets.go:171.13,172.13 1 1
github.com/bootcamp-go/desafio-go-bases/internal/tickets/tickets.go:177.42,178.22 1 1
github.com/bootcamp-go/desafio-go-bases/internal/tickets/tickets.go:183.2,183.14 1 1
github.com/bootcamp-go/desafio-go-bases/internal/tickets/tickets.go:178.22,179.13 1 1
github.com/bootcamp-go/desafio-go-bases/internal/tickets/tickets.go:179.13,181.4 1 1
github.com/bootcamp-go/desafio-go-bases/internal/tickets/tickets.go:186.45,188.16 2 1
github.com/bootcamp-go/desafio-go-bases/internal/tickets/tickets.go:191.2,195.6 4 1
github.com/bootcamp-go/desafio-go-bases/internal/tickets/tickets.go:215.2,215.24 1 1
github.com/bootcamp-go/desafio-go-bases/internal/tickets/tickets.go:188.16,190.3 1 1
github.com/bootcamp-go/desafio-go-bases/internal/tickets/tickets.go:195.6,197.20 2 1
github.com/bootcamp-go/desafio-go-bases/internal/tickets/tickets.go:201.3,203.17 3 1
github.com/bootcamp-go/desafio-go-bases/internal/tickets/tickets.go:206.3,213.5 1 1
github.com/bootcamp-go/desafio-go-bases/internal/tickets/tickets.go:197.20,199.9 2 1
github.com/bootcamp-go/desafio-go-bases/internal/tickets/tickets.go:203.17,205.4 1 0
